<?xml version="1.0" encoding="UTF-8" ?>
<testsuite tests="13" failures="0" name="CucumberRunner" time="1.96" errors="0" skipped="0">
  <properties>
    <property name="java.runtime.name" value="Java(TM) SE Runtime Environment"/>
    <property name="sun.boot.library.path" value="C:\Program Files\Java\jdk1.8.0_111\jre\bin"/>
    <property name="java.vm.version" value="25.111-b14"/>
    <property name="java.vm.vendor" value="Oracle Corporation"/>
    <property name="maven.multiModuleProjectDirectory" value="C:\gap-tech-exercise"/>
    <property name="java.vendor.url" value="http://java.oracle.com/"/>
    <property name="path.separator" value=";"/>
    <property name="guice.disable.misplaced.annotation.check" value="true"/>
    <property name="java.vm.name" value="Java HotSpot(TM) 64-Bit Server VM"/>
    <property name="file.encoding.pkg" value="sun.io"/>
    <property name="user.script" value=""/>
    <property name="user.country" value="US"/>
    <property name="sun.java.launcher" value="SUN_STANDARD"/>
    <property name="sun.os.patch.level" value=""/>
    <property name="test" value="CucumberRunner"/>
    <property name="java.vm.specification.name" value="Java Virtual Machine Specification"/>
    <property name="user.dir" value="C:\gap-tech-exercise"/>
    <property name="java.runtime.version" value="1.8.0_111-b14"/>
    <property name="java.awt.graphicsenv" value="sun.awt.Win32GraphicsEnvironment"/>
    <property name="java.endorsed.dirs" value="C:\Program Files\Java\jdk1.8.0_111\jre\lib\endorsed"/>
    <property name="os.arch" value="amd64"/>
    <property name="java.io.tmpdir" value="C:\Users\aarango\AppData\Local\Temp\"/>
    <property name="line.separator" value="
"/>
    <property name="java.vm.specification.vendor" value="Oracle Corporation"/>
    <property name="user.variant" value=""/>
    <property name="os.name" value="Windows 10"/>
    <property name="classworlds.conf" value="C:\apache-maven-3.6.2\bin\..\bin\m2.conf"/>
    <property name="sun.jnu.encoding" value="Cp1252"/>
    <property name="java.library.path" value="C:\Program Files\Java\jdk1.8.0_111\bin;C:\WINDOWS\Sun\Java\bin;C:\WINDOWS\system32;C:\WINDOWS;C:\Program Files (x86)\Common Files\Oracle\Java\javapath;C:\ProgramData\Oracle\Java\javapath;C:\WINDOWS\system32;C:\WINDOWS;C:\WINDOWS\System32\Wbem;C:\WINDOWS\System32\WindowsPowerShell\v1.0\;C:\WINDOWS\System32\OpenSSH\;C:\Program Files\OpenVPN\bin;C:\Program Files\Git\cmd;C:\Users\aarango\AppData\Local\Microsoft\WindowsApps;C:\Users\aarango\AppData\Local\Programs\Microsoft VS Code\bin;C:\apache-maven-3.6.2\bin;;."/>
    <property name="maven.conf" value="C:\apache-maven-3.6.2\bin\../conf"/>
    <property name="java.specification.name" value="Java Platform API Specification"/>
    <property name="java.class.version" value="52.0"/>
    <property name="sun.management.compiler" value="HotSpot 64-Bit Tiered Compilers"/>
    <property name="os.version" value="10.0"/>
    <property name="library.jansi.path" value="C:\apache-maven-3.6.2\bin\..\lib\jansi-native"/>
    <property name="user.home" value="C:\Users\aarango"/>
    <property name="user.timezone" value="America/Bogota"/>
    <property name="java.awt.printerjob" value="sun.awt.windows.WPrinterJob"/>
    <property name="java.specification.version" value="1.8"/>
    <property name="file.encoding" value="Cp1252"/>
    <property name="user.name" value="AArango"/>
    <property name="java.class.path" value="C:\apache-maven-3.6.2\bin\..\boot\plexus-classworlds-2.6.0.jar"/>
    <property name="java.vm.specification.version" value="1.8"/>
    <property name="sun.arch.data.model" value="64"/>
    <property name="java.home" value="C:\Program Files\Java\jdk1.8.0_111\jre"/>
    <property name="sun.java.command" value="org.codehaus.plexus.classworlds.launcher.Launcher -Dtest=CucumberRunner test"/>
    <property name="java.specification.vendor" value="Oracle Corporation"/>
    <property name="user.language" value="en"/>
    <property name="awt.toolkit" value="sun.awt.windows.WToolkit"/>
    <property name="java.vm.info" value="mixed mode"/>
    <property name="java.version" value="1.8.0_111"/>
    <property name="java.ext.dirs" value="C:\Program Files\Java\jdk1.8.0_111\jre\lib\ext;C:\WINDOWS\Sun\Java\lib\ext"/>
    <property name="sun.boot.class.path" value="C:\Program Files\Java\jdk1.8.0_111\jre\lib\resources.jar;C:\Program Files\Java\jdk1.8.0_111\jre\lib\rt.jar;C:\Program Files\Java\jdk1.8.0_111\jre\lib\sunrsasign.jar;C:\Program Files\Java\jdk1.8.0_111\jre\lib\jsse.jar;C:\Program Files\Java\jdk1.8.0_111\jre\lib\jce.jar;C:\Program Files\Java\jdk1.8.0_111\jre\lib\charsets.jar;C:\Program Files\Java\jdk1.8.0_111\jre\lib\jfr.jar;C:\Program Files\Java\jdk1.8.0_111\jre\classes"/>
    <property name="sun.stderr.encoding" value="cp437"/>
    <property name="java.vendor" value="Oracle Corporation"/>
    <property name="maven.home" value="C:\apache-maven-3.6.2\bin\.."/>
    <property name="file.separator" value="\"/>
    <property name="java.vendor.url.bug" value="http://bugreport.sun.com/bugreport/"/>
    <property name="sun.cpu.endian" value="little"/>
    <property name="sun.io.unicode.encoding" value="UnicodeLittle"/>
    <property name="sun.stdout.encoding" value="cp437"/>
    <property name="sun.desktop" value="windows"/>
    <property name="sun.cpu.isalist" value="amd64"/>
  </properties>
  <testcase classname="| James | Smith | jsmith@gap.com | 12345678 | Alejandra Arango | 2014 | 01 | 21 |" name="Given The user is logged on &quot;https://vacations-management.herokuapp.com/users/sign_in&quot; site" time="0.008"/>
  <testcase classname="| James | Smith | jsmith@gap.com | 12345678 | Alejandra Arango | 2014 | 01 | 21 |" name="When The user enters to &apos;New Employee&apos; page" time="0"/>
  <testcase classname="| James | Smith | jsmith@gap.com | 12345678 | Alejandra Arango | 2014 | 01 | 21 |" name="And The user creates a new employee with James, Smith, jsmith@gap.com, 12345678, Alejandra Arango, 2014, 01, 21" time="0"/>
  <testcase classname="| James | Smith | jsmith@gap.com | 12345678 | Alejandra Arango | 2014 | 01 | 21 |" name="Then The new employee should be created on &apos;Listing Employees&apos; Page" time="0"/>
  <testcase classname="| James | Smith | jsmith@gap.com | 12345678 | Alejandra Arango | 2014 | 01 | 21 |" name="But The user clicks on &apos;Delete&apos; link of the created employee" time="0"/>
  <testcase classname="| James | Smith | jsmith@gap.com | 12345678 | Alejandra Arango | 2014 | 01 | 21 |" name="Then The created employee should be deleted" time="0"/>
  <testcase classname="| James | Smith | jsmith@gap.com | 12345678 | Alejandra Arango | 2014 | 01 | 21 |" name="| James | Smith | jsmith@gap.com | 12345678 | Alejandra Arango | 2014 | 01 | 21 |" time="1.158"/>
  <testcase classname="Scenario: User can login into Vacation Management system" name="Given The user is on &quot;https://vacations-management.herokuapp.com/users/sign_in&quot; site" time="0.001"/>
  <testcase classname="Scenario: User can login into Vacation Management system" name="When The user login in with right credentials" time="0"/>
  <testcase classname="Scenario: User can login into Vacation Management system" name="Then The user should see the logo of the site" time="0"/>
  <testcase classname="Scenario: User can login into Vacation Management system" name="And The user should see the successful message on the banner" time="0"/>
  <testcase classname="Scenario: User can login into Vacation Management system" name="And The user should see his name on the banner" time="0"/>
  <testcase classname="Scenario: User can login into Vacation Management system" name="Scenario: User can login into Vacation Management system" time="0.793"/>
</testsuite>